Using pre-set license
Built from '2021.3/release' branch; Version is '2021.3.27f1 (ca3ffb99bcc6) revision 13254651'; Using compiler version '192829333'; Build Type 'Release'
OS: 'Windows 10  (10.0.19045) 64bit Core' Language: 'en' Physical Memory: 15731 MB
BatchMode: 1, IsHumanControllingUs: 0, StartBugReporterOnCrash: 0, Is64bit: 1, IsPro: 1

COMMAND LINE ARGUMENTS:
C:\Program Files\Unity\Hub\Editor\2021.3.27f1\Editor\Unity.exe
-adb2
-batchMode
-noUpm
-name
AssetImportWorker2
-projectPath
C:/Users/alexa/Desktop/Alexandra_Haller_hexen2023
-logFile
Logs/AssetImportWorker2.log
-srvPort
58069
Successfully changed project path to: C:/Users/alexa/Desktop/Alexandra_Haller_hexen2023
C:/Users/alexa/Desktop/Alexandra_Haller_hexen2023
[UnityMemory] Configuration Parameters - Can be set up in boot.config
    "memorysetup-bucket-allocator-granularity=16"
    "memorysetup-bucket-allocator-bucket-count=8"
    "memorysetup-bucket-allocator-block-size=33554432"
    "memorysetup-bucket-allocator-block-count=8"
    "memorysetup-main-allocator-block-size=16777216"
    "memorysetup-thread-allocator-block-size=16777216"
    "memorysetup-gfx-main-allocator-block-size=16777216"
    "memorysetup-gfx-thread-allocator-block-size=16777216"
    "memorysetup-cache-allocator-block-size=4194304"
    "memorysetup-typetree-allocator-block-size=2097152"
    "memorysetup-profiler-bucket-allocator-granularity=16"
    "memorysetup-profiler-bucket-allocator-bucket-count=8"
    "memorysetup-profiler-bucket-allocator-block-size=33554432"
    "memorysetup-profiler-bucket-allocator-block-count=8"
    "memorysetup-profiler-allocator-block-size=16777216"
    "memorysetup-profiler-editor-allocator-block-size=1048576"
    "memorysetup-temp-allocator-size-main=16777216"
    "memorysetup-job-temp-allocator-block-size=2097152"
    "memorysetup-job-temp-allocator-block-size-background=1048576"
    "memorysetup-job-temp-allocator-reduction-small-platforms=262144"
    "memorysetup-temp-allocator-size-background-worker=32768"
    "memorysetup-temp-allocator-size-job-worker=262144"
    "memorysetup-temp-allocator-size-preload-manager=33554432"
    "memorysetup-temp-allocator-size-nav-mesh-worker=65536"
    "memorysetup-temp-allocator-size-audio-worker=65536"
    "memorysetup-temp-allocator-size-cloud-worker=32768"
    "memorysetup-temp-allocator-size-gi-baking-worker=262144"
    "memorysetup-temp-allocator-size-gfx=262144"
Player connection [33740] Host "[IP] 192.168.0.102 [Port] 0 [Flags] 2 [Guid] 1334993527 [EditorId] 1334993527 [Version] 1048832 [Id] WindowsEditor(7,LAPTOP-FQOBH4AN) [Debug] 1 [PackageName] WindowsEditor [ProjectName] Editor" joined multi-casting on [225.0.0.222:54997]...

Player connection [33740] Host "[IP] 192.168.0.102 [Port] 0 [Flags] 2 [Guid] 1334993527 [EditorId] 1334993527 [Version] 1048832 [Id] WindowsEditor(7,LAPTOP-FQOBH4AN) [Debug] 1 [PackageName] WindowsEditor [ProjectName] Editor" joined alternative multi-casting on [225.0.0.222:34997]...

Refreshing native plugins compatible for Editor in 69.86 ms, found 3 plugins.
Preloading 0 native plugins for Editor in 0.00 ms.
Initialize engine version: 2021.3.27f1 (ca3ffb99bcc6)
[Subsystems] Discovering subsystems at path C:/Program Files/Unity/Hub/Editor/2021.3.27f1/Editor/Data/Resources/UnitySubsystems
[Subsystems] Discovering subsystems at path C:/Users/alexa/Desktop/Alexandra_Haller_hexen2023/Assets
GfxDevice: creating device client; threaded=0; jobified=0
Direct3D:
    Version:  Direct3D 11.0 [level 11.1]
    Renderer: NVIDIA GeForce RTX 2060 (ID=0x1f15)
    Vendor:   NVIDIA
    VRAM:     5980 MB
    Driver:   31.0.15.1659
Initialize mono
Mono path[0] = 'C:/Program Files/Unity/Hub/Editor/2021.3.27f1/Editor/Data/Managed'
Mono path[1] = 'C:/Program Files/Unity/Hub/Editor/2021.3.27f1/Editor/Data/MonoBleedingEdge/lib/mono/unityjit-win32'
Mono config path = 'C:/Program Files/Unity/Hub/Editor/2021.3.27f1/Editor/Data/MonoBleedingEdge/etc'
Using monoOptions --debugger-agent=transport=dt_socket,embedding=1,server=y,suspend=n,address=127.0.0.1:56692
Begin MonoManager ReloadAssembly
Registering precompiled unity dll's ...
Register platform support module: C:/Program Files/Unity/Hub/Editor/2021.3.27f1/Editor/Data/PlaybackEngines/WindowsStandaloneSupport/UnityEditor.WindowsStandalone.Extensions.dll
Registered in 0.013406 seconds.
Native extension for WindowsStandalone target not found
Refreshing native plugins compatible for Editor in 66.65 ms, found 3 plugins.
Preloading 0 native plugins for Editor in 0.00 ms.
Mono: successfully reloaded assembly
- Completed reload, in  0.715 seconds
Domain Reload Profiling:
	ReloadAssembly (716ms)
		BeginReloadAssembly (113ms)
			ExecutionOrderSort (0ms)
			DisableScriptedObjects (0ms)
			BackupInstance (0ms)
			ReleaseScriptingObjects (0ms)
			CreateAndSetChildDomain (1ms)
		EndReloadAssembly (474ms)
			LoadAssemblies (109ms)
			RebuildTransferFunctionScriptingTraits (0ms)
			SetupTypeCache (110ms)
			ReleaseScriptCaches (0ms)
			RebuildScriptCaches (32ms)
			SetupLoadedEditorAssemblies (277ms)
				LogAssemblyErrors (0ms)
				InitializePlatformSupportModulesInManaged (10ms)
				SetLoadedEditorAssemblies (0ms)
				RefreshPlugins (67ms)
				BeforeProcessingInitializeOnLoad (2ms)
				ProcessInitializeOnLoadAttributes (149ms)
				ProcessInitializeOnLoadMethodAttributes (48ms)
				AfterProcessingInitializeOnLoad (0ms)
				EditorAssembliesLoaded (0ms)
			ExecutionOrderSort2 (0ms)
			AwakeInstancesAfterBackupRestoration (0ms)
Platform modules already initialized, skipping
Registering precompiled user dll's ...
Registered in 0.010363 seconds.
Begin MonoManager ReloadAssembly
Symbol file LoadedFromMemory doesn't match image C:\Users\alexa\Desktop\Alexandra_Haller_hexen2023\Library\PackageCache\com.unity.visualscripting@1.8.0\Editor\VisualScripting.Core\Dependencies\YamlDotNet\Unity.VisualScripting.YamlDotNet.dll
Symbol file LoadedFromMemory doesn't match image C:\Users\alexa\Desktop\Alexandra_Haller_hexen2023\Library\PackageCache\com.unity.visualscripting@1.8.0\Editor\VisualScripting.Core\Dependencies\DotNetZip\Unity.VisualScripting.IonicZip.dll
Native extension for WindowsStandalone target not found
Refreshing native plugins compatible for Editor in 0.70 ms, found 3 plugins.
Preloading 0 native plugins for Editor in 0.00 ms.
Mono: successfully reloaded assembly
- Completed reload, in  1.205 seconds
Domain Reload Profiling:
	ReloadAssembly (1206ms)
		BeginReloadAssembly (174ms)
			ExecutionOrderSort (0ms)
			DisableScriptedObjects (8ms)
			BackupInstance (0ms)
			ReleaseScriptingObjects (0ms)
			CreateAndSetChildDomain (25ms)
		EndReloadAssembly (909ms)
			LoadAssemblies (146ms)
			RebuildTransferFunctionScriptingTraits (0ms)
			SetupTypeCache (264ms)
			ReleaseScriptCaches (1ms)
			RebuildScriptCaches (72ms)
			SetupLoadedEditorAssemblies (410ms)
				LogAssemblyErrors (0ms)
				InitializePlatformSupportModulesInManaged (8ms)
				SetLoadedEditorAssemblies (0ms)
				RefreshPlugins (1ms)
				BeforeProcessingInitializeOnLoad (99ms)
				ProcessInitializeOnLoadAttributes (264ms)
				ProcessInitializeOnLoadMethodAttributes (22ms)
				AfterProcessingInitializeOnLoad (15ms)
				EditorAssembliesLoaded (0ms)
			ExecutionOrderSort2 (0ms)
			AwakeInstancesAfterBackupRestoration (7ms)
Platform modules already initialized, skipping
========================================================================
Worker process is ready to serve import requests
Launched and connected shader compiler UnityShaderCompiler.exe after 0.09 seconds
Refreshing native plugins compatible for Editor in 1.08 ms, found 3 plugins.
Preloading 0 native plugins for Editor in 0.00 ms.
Unloading 3051 Unused Serialized files (Serialized files now loaded: 0)
Unloading 22 unused Assets / (46.3 KB). Loaded Objects now: 3513.
Memory consumption went from 107.4 MB to 107.4 MB.
Total: 9.943100 ms (FindLiveObjects: 0.598200 ms CreateObjectMapping: 0.560900 ms MarkObjects: 8.636800 ms  DeleteObjects: 0.145400 ms)

AssetImportParameters requested are different than current active one (requested -> active):
  custom:video-decoder-ogg-theora: a1e56fd34408186e4bbccfd4996cb3dc -> 
  custom:container-muxer-webm: aa71ff27fc2769a1b78a27578f13a17b -> 
  custom:container-demuxer-webm: 4f35f7cbe854078d1ac9338744f61a02 -> 
  custom:video-encoder-webm-vp8: eb34c28f22e8b96e1ab97ce403110664 -> 
  custom:video-codec-MediaFoundation-h265: 746d11721c4dcdbdad8f713fa42b33f4 -> 
  custom:audio-encoder-webm-vorbis: bf7c407c2cedff20999df2af8eb42d56 -> 
  custom:framework-win-MediaFoundation: 216162199b28c13a410421893ffa2e32 -> 
  custom:container-demuxer-ogg: 62fdf1f143b41e24485cea50d1cbac27 -> 
  custom:video-decoder-webm-vp8: 9c59270c3fd7afecdb556c50c9e8de78 -> 
  custom:audio-decoder-ogg-vorbis: bf7c407c2cedff20999df2af8eb42d56 -> 
========================================================================
Received Import Request.
  Time since last request: 30760.365336 seconds.
  path: Assets/Images/LineCard.png
  artifactKey: Guid(7f51e6da609afa24c9cb7300067578e9) Importer(815301076,1909f56bfc062723c751e8b465ee728b)
Start importing Assets/Images/LineCard.png using Guid(7f51e6da609afa24c9cb7300067578e9) Importer(815301076,1909f56bfc062723c751e8b465ee728b)  -> (artifact id: 'f985a974d173856f530ae5d11574db8f') in 0.164662 seconds 
========================================================================
Received Import Request.
  Time since last request: 8.388442 seconds.
  path: Assets/Images/TeleportCard.png
  artifactKey: Guid(008cba09371f0f64288150c617a025de) Importer(815301076,1909f56bfc062723c751e8b465ee728b)
Start importing Assets/Images/TeleportCard.png using Guid(008cba09371f0f64288150c617a025de) Importer(815301076,1909f56bfc062723c751e8b465ee728b)  -> (artifact id: 'a328004de3be88e3aa6031fd84d04b0c') in 0.162133 seconds 
========================================================================
Received Import Request.
  Time since last request: 5.816190 seconds.
  path: Assets/Images/SwingCard.png
  artifactKey: Guid(0b69d969b9b536041bf0204cd70d17e1) Importer(815301076,1909f56bfc062723c751e8b465ee728b)
Start importing Assets/Images/SwingCard.png using Guid(0b69d969b9b536041bf0204cd70d17e1) Importer(815301076,1909f56bfc062723c751e8b465ee728b)  -> (artifact id: 'e9b2fb02db0851dc9eaa7c7151a4341a') in 0.096075 seconds 
========================================================================
Received Import Request.
  Time since last request: 5.216762 seconds.
  path: Assets/Images/PushCard.png
  artifactKey: Guid(8e7e9ef7149bc474bbf57038e91c16e3) Importer(815301076,1909f56bfc062723c751e8b465ee728b)
Start importing Assets/Images/PushCard.png using Guid(8e7e9ef7149bc474bbf57038e91c16e3) Importer(815301076,1909f56bfc062723c751e8b465ee728b)  -> (artifact id: '83f2311f92f4e8914e8e4045d450f700') in 0.094838 seconds 
========================================================================
Received Import Request.
  Time since last request: 3.911407 seconds.
  path: Assets/Images/MeteorCard.png
  artifactKey: Guid(921bedd1b16b45f4db53b856068f02d7) Importer(815301076,1909f56bfc062723c751e8b465ee728b)
Start importing Assets/Images/MeteorCard.png using Guid(921bedd1b16b45f4db53b856068f02d7) Importer(815301076,1909f56bfc062723c751e8b465ee728b)  -> (artifact id: 'f045dc6ddf046215ff4e066b53045ce2') in 0.086913 seconds 
========================================================================
Received Import Request.
  Time since last request: 4.849943 seconds.
  path: Assets/Images/LineCard.png
  artifactKey: Guid(7f51e6da609afa24c9cb7300067578e9) Importer(815301076,1909f56bfc062723c751e8b465ee728b)
Start importing Assets/Images/LineCard.png using Guid(7f51e6da609afa24c9cb7300067578e9) Importer(815301076,1909f56bfc062723c751e8b465ee728b)  -> (artifact id: 'd3810ff86e3bb8891d01dc64a4c96d22') in 0.085820 seconds 
========================================================================
Received Import Request.
  Time since last request: 4.848069 seconds.
  path: Assets/Scenes
  artifactKey: Guid(ba9b0ccbce193ec4e8a5be067dd10be6) Importer(815301076,1909f56bfc062723c751e8b465ee728b)
Start importing Assets/Scenes using Guid(ba9b0ccbce193ec4e8a5be067dd10be6) Importer(815301076,1909f56bfc062723c751e8b465ee728b)  -> (artifact id: '2b695916905d6244a43eacd412b84505') in 0.004359 seconds 
========================================================================
Received Import Request.
  Time since last request: 0.604933 seconds.
  path: Assets/Scenes/SampleScene.unity
  artifactKey: Guid(9fc0d4010bbf28b4594072e72b8655ab) Importer(815301076,1909f56bfc062723c751e8b465ee728b)
Start importing Assets/Scenes/SampleScene.unity using Guid(9fc0d4010bbf28b4594072e72b8655ab) Importer(815301076,1909f56bfc062723c751e8b465ee728b)  -> (artifact id: 'e55ccaa32d8e5c1de03c07a5412c8c3c') in 0.004622 seconds 
========================================================================
Received Import Request.
  Time since last request: 12.653310 seconds.
  path: Assets/Scenes/Game.unity
  artifactKey: Guid(9fc0d4010bbf28b4594072e72b8655ab) Importer(815301076,1909f56bfc062723c751e8b465ee728b)
Start importing Assets/Scenes/Game.unity using Guid(9fc0d4010bbf28b4594072e72b8655ab) Importer(815301076,1909f56bfc062723c751e8b465ee728b)  -> (artifact id: '297dabdd5fc689204d65d5d0e45f56ee') in 0.004183 seconds 
========================================================================
Received Import Request.
  Time since last request: 10.265407 seconds.
  path: Assets/Scenes/Cards.unity
  artifactKey: Guid(cf4ec5da5a19b6c419b969423fcb0158) Importer(815301076,1909f56bfc062723c751e8b465ee728b)
Start importing Assets/Scenes/Cards.unity using Guid(cf4ec5da5a19b6c419b969423fcb0158) Importer(815301076,1909f56bfc062723c751e8b465ee728b)  -> (artifact id: '96e39ee5f464f70a23a06584107ae0c7') in 0.004521 seconds 
========================================================================
Received Import Request.
  Time since last request: 12.675743 seconds.
  path: Assets/Scenes/Start.unity
  artifactKey: Guid(704db75d0a9b10e4b8f7dfc2fee3299f) Importer(815301076,1909f56bfc062723c751e8b465ee728b)
Start importing Assets/Scenes/Start.unity using Guid(704db75d0a9b10e4b8f7dfc2fee3299f) Importer(815301076,1909f56bfc062723c751e8b465ee728b)  -> (artifact id: 'c198d2245d5694214dffea26afbdebec') in 0.003806 seconds 
